#
# A fatal error has been detected by the Java Runtime Environment:
#
#  Internal Error (javaClasses.cpp:129), pid=6256, tid=140231537972992
#  fatal error: Invalid layout of preloaded class
#
# JRE version: 7.0_09-b05
# Java VM: Java HotSpot(TM) 64-Bit Server VM (23.5-b02 mixed mode linux-amd64 compressed oops)
# Failed to write core dump. Core dumps have been disabled. To enable core dumping, try "ulimit -c unlimited" before starting Java again
#
# If you would like to submit a bug report, please visit:
#   http://bugreport.sun.com/bugreport/crash.jsp
#

---------------  T H R E A D  ---------------

Current thread (0x0000000001674000):  JavaThread "Unknown thread" [_thread_in_vm, id=6262, stack(0x00007f8a32f1d000,0x00007f8a3301e000)]

Stack: [0x00007f8a32f1d000,0x00007f8a3301e000],  sp=0x00007f8a3301c7a0,  free space=1021k
Native frames: (J=compiled Java code, j=interpreted, Vv=VM code, C=native code)
V  [libjvm.so+0x8a531a]  VMError::report_and_die()+0x2ea
V  [libjvm.so+0x40aeb9]  report_fatal(char const*, int, char const*)+0x59
V  [libjvm.so+0x5558f7]  compute_offset(int&, klassOopDesc*, Symbol*, Symbol*, bool)+0x137
V  [libjvm.so+0x556ab9]  java_lang_String::compute_offsets()+0x39
V  [libjvm.so+0x8343d3]  SystemDictionary::initialize_preloaded_classes(Thread*)+0x143
V  [libjvm.so+0x880514]  Universe::genesis(Thread*)+0x474
V  [libjvm.so+0x8809c4]  universe2_init()+0x24
V  [libjvm.so+0x503d0d]  init_globals()+0xbd
V  [libjvm.so+0x866f62]  Threads::create_vm(JavaVMInitArgs*, bool*)+0x1e2
V  [libjvm.so+0x563bc4]  JNI_CreateJavaVM+0x74
C  [libjli.so+0x337e]  JavaMain+0x9e


---------------  P R O C E S S  ---------------

Java Threads: ( => current thread )

Other Threads:

=>0x0000000001674000 (exited) JavaThread "Unknown thread" [_thread_in_vm, id=6262, stack(0x00007f8a32f1d000,0x00007f8a3301e000)]

VM state:not at safepoint (not fully initialized)

VM Mutex/Monitor currently owned by a thread: None

GC Heap History (0 events):
No events

Deoptimization events (0 events):
No events

Internal exceptions (0 events):
No events

Events (10 events):
Event: 0.131 loading class 0x0000000001695f40 done
Event: 0.131 loading class 0x00000000016957e0 done
Event: 0.131 loading class 0x00000000016957b0
Event: 0.132 loading class 0x00000000016c0840
Event: 0.133 loading class 0x00000000016c0840 done
Event: 0.133 loading class 0x00000000016c0880
Event: 0.133 loading class 0x00000000016c0880 done
Event: 0.133 loading class 0x00000000016c08c0
Event: 0.133 loading class 0x00000000016c08c0 done
Event: 0.133 loading class 0x00000000016957b0 done


Dynamic libraries:
00400000-00401000 r-xp 00000000 08:06 1590527                            /opt/java/64/jre1.7.0_09/bin/java
00600000-00601000 rw-p 00000000 08:06 1590527                            /opt/java/64/jre1.7.0_09/bin/java
0166a000-016d8000 rw-p 00000000 00:00 0                                  [heap]
9f600000-a0ac0000 rw-p 00000000 00:00 0 
a0ac0000-a4800000 rw-p 00000000 00:00 0 
a4800000-a8500000 rw-p 00000000 00:00 0 
a8500000-e1800000 rw-p 00000000 00:00 0 
e1800000-e3670000 rw-p 00000000 00:00 0 
e3670000-100000000 rw-p 00000000 00:00 0 
7f8a2439c000-7f8a28000000 rw-p 00000000 00:00 0 
7f8a28000000-7f8a28021000 rw-p 00000000 00:00 0 
7f8a28021000-7f8a2c000000 ---p 00000000 00:00 0 
7f8a2c7f6000-7f8a2ca24000 rw-p 00000000 00:00 0 
7f8a2ca24000-7f8a2cae6000 r--s 010c7000 08:03 149162                     /media/Data/Downloads/android-sdk-linux/platforms/android-16/android.jar
7f8a2cae6000-7f8a2cb0e000 rw-p 00000000 00:00 0 
7f8a2cb0e000-7f8a2cb0f000 ---p 00000000 00:00 0 
7f8a2cb0f000-7f8a2cc0f000 rw-p 00000000 00:00 0 
7f8a2cc0f000-7f8a2cc10000 ---p 00000000 00:00 0 
7f8a2cc10000-7f8a2cd10000 rw-p 00000000 00:00 0 
7f8a2cd10000-7f8a2cd11000 ---p 00000000 00:00 0 
7f8a2cd11000-7f8a2ce11000 rw-p 00000000 00:00 0 
7f8a2ce11000-7f8a2ce12000 ---p 00000000 00:00 0 
7f8a2ce12000-7f8a2cf1d000 rw-p 00000000 00:00 0 
7f8a2cf1d000-7f8a2cf3b000 rw-p 00000000 00:00 0 
7f8a2cf3b000-7f8a2cf5a000 rw-p 00000000 00:00 0 
7f8a2cf5a000-7f8a2d123000 rw-p 00000000 00:00 0 
7f8a2d123000-7f8a2d12e000 rw-p 00000000 00:00 0 
7f8a2d12e000-7f8a2d14c000 rw-p 00000000 00:00 0 
7f8a2d14c000-7f8a2d16b000 rw-p 00000000 00:00 0 
7f8a2d16b000-7f8a2d334000 rw-p 00000000 00:00 0 
7f8a2d334000-7f8a2d344000 rw-p 00000000 00:00 0 
7f8a2d344000-7f8a2d428000 rw-p 00000000 00:00 0 
7f8a2d428000-7f8a2d429000 rw-p 00000000 00:00 0 
7f8a2d429000-7f8a2d699000 rwxp 00000000 00:00 0 
7f8a2d699000-7f8a30429000 rw-p 00000000 00:00 0 
7f8a30429000-7f8a30443000 r-xp 00000000 08:06 1591662                    /opt/java/64/jre1.7.0_09/lib/amd64/libzip.so
7f8a30443000-7f8a30643000 ---p 0001a000 08:06 1591662                    /opt/java/64/jre1.7.0_09/lib/amd64/libzip.so
7f8a30643000-7f8a30644000 rw-p 0001a000 08:06 1591662                    /opt/java/64/jre1.7.0_09/lib/amd64/libzip.so
7f8a30644000-7f8a30650000 r-xp 00000000 08:06 1831886                    /lib/libnss_files-2.11.1.so
7f8a30650000-7f8a3084f000 ---p 0000c000 08:06 1831886                    /lib/libnss_files-2.11.1.so
7f8a3084f000-7f8a30850000 r--p 0000b000 08:06 1831886                    /lib/libnss_files-2.11.1.so
7f8a30850000-7f8a30851000 rw-p 0000c000 08:06 1831886                    /lib/libnss_files-2.11.1.so
7f8a30851000-7f8a3085b000 r-xp 00000000 08:06 1831879                    /lib/libnss_nis-2.11.1.so
7f8a3085b000-7f8a30a5a000 ---p 0000a000 08:06 1831879                    /lib/libnss_nis-2.11.1.so
7f8a30a5a000-7f8a30a5b000 r--p 00009000 08:06 1831879                    /lib/libnss_nis-2.11.1.so
7f8a30a5b000-7f8a30a5c000 rw-p 0000a000 08:06 1831879                    /lib/libnss_nis-2.11.1.so
7f8a30a5c000-7f8a30a73000 r-xp 00000000 08:06 1831874                    /lib/libnsl-2.11.1.so
7f8a30a73000-7f8a30c72000 ---p 00017000 08:06 1831874                    /lib/libnsl-2.11.1.so
7f8a30c72000-7f8a30c73000 r--p 00016000 08:06 1831874                    /lib/libnsl-2.11.1.so
7f8a30c73000-7f8a30c74000 rw-p 00017000 08:06 1831874                    /lib/libnsl-2.11.1.so
7f8a30c74000-7f8a30c76000 rw-p 00000000 00:00 0 
7f8a30c76000-7f8a30c7e000 r-xp 00000000 08:06 1831869                    /lib/libnss_compat-2.11.1.so
7f8a30c7e000-7f8a30e7d000 ---p 00008000 08:06 1831869                    /lib/libnss_compat-2.11.1.so
7f8a30e7d000-7f8a30e7e000 r--p 00007000 08:06 1831869                    /lib/libnss_compat-2.11.1.so
7f8a30e7e000-7f8a30e7f000 rw-p 00008000 08:06 1831869                    /lib/libnss_compat-2.11.1.so
7f8a30e7f000-7f8a30ea8000 r-xp 00000000 08:06 1591646                    /opt/java/64/jre1.7.0_09/lib/amd64/libjava.so
7f8a30ea8000-7f8a310a8000 ---p 00029000 08:06 1591646                    /opt/java/64/jre1.7.0_09/lib/amd64/libjava.so
7f8a310a8000-7f8a310aa000 rw-p 00029000 08:06 1591646                    /opt/java/64/jre1.7.0_09/lib/amd64/libjava.so
7f8a310aa000-7f8a310b7000 r-xp 00000000 08:06 1591644                    /opt/java/64/jre1.7.0_09/lib/amd64/libverify.so
7f8a310b7000-7f8a312b6000 ---p 0000d000 08:06 1591644                    /opt/java/64/jre1.7.0_09/lib/amd64/libverify.so
7f8a312b6000-7f8a312b8000 rw-p 0000c000 08:06 1591644                    /opt/java/64/jre1.7.0_09/lib/amd64/libverify.so
7f8a312b8000-7f8a312bf000 r-xp 00000000 08:06 1831871                    /lib/librt-2.11.1.so
7f8a312bf000-7f8a314be000 ---p 00007000 08:06 1831871                    /lib/librt-2.11.1.so
7f8a314be000-7f8a314bf000 r--p 00006000 08:06 1831871                    /lib/librt-2.11.1.so
7f8a314bf000-7f8a314c0000 rw-p 00007000 08:06 1831871                    /lib/librt-2.11.1.so
7f8a314c0000-7f8a31542000 r-xp 00000000 08:06 1831883                    /lib/libm-2.11.1.so
7f8a31542000-7f8a31741000 ---p 00082000 08:06 1831883                    /lib/libm-2.11.1.so
7f8a31741000-7f8a31742000 r--p 00081000 08:06 1831883                    /lib/libm-2.11.1.so
7f8a31742000-7f8a31743000 rw-p 00082000 08:06 1831883                    /lib/libm-2.11.1.so
7f8a31743000-7f8a3218a000 r-xp 00000000 08:06 1591652                    /opt/java/64/jre1.7.0_09/lib/amd64/server/libjvm.so
7f8a3218a000-7f8a32389000 ---p 00a47000 08:06 1591652                    /opt/java/64/jre1.7.0_09/lib/amd64/server/libjvm.so
7f8a32389000-7f8a3242d000 rw-p 00a46000 08:06 1591652                    /opt/java/64/jre1.7.0_09/lib/amd64/server/libjvm.so
7f8a3242d000-7f8a32468000 rw-p 00000000 00:00 0 
7f8a32468000-7f8a325e5000 r-xp 00000000 08:06 1831882                    /lib/libc-2.11.1.so
7f8a325e5000-7f8a327e4000 ---p 0017d000 08:06 1831882                    /lib/libc-2.11.1.so
7f8a327e4000-7f8a327e8000 r--p 0017c000 08:06 1831882                    /lib/libc-2.11.1.so
7f8a327e8000-7f8a327e9000 rw-p 00180000 08:06 1831882                    /lib/libc-2.11.1.so
7f8a327e9000-7f8a327ee000 rw-p 00000000 00:00 0 
7f8a327ee000-7f8a327f0000 r-xp 00000000 08:06 1831887                    /lib/libdl-2.11.1.so
7f8a327f0000-7f8a329f0000 ---p 00002000 08:06 1831887                    /lib/libdl-2.11.1.so
7f8a329f0000-7f8a329f1000 r--p 00002000 08:06 1831887                    /lib/libdl-2.11.1.so
7f8a329f1000-7f8a329f2000 rw-p 00003000 08:06 1831887                    /lib/libdl-2.11.1.so
7f8a329f2000-7f8a32a08000 r-xp 00000000 08:06 1591621                    /opt/java/64/jre1.7.0_09/lib/amd64/jli/libjli.so
7f8a32a08000-7f8a32c07000 ---p 00016000 08:06 1591621                    /opt/java/64/jre1.7.0_09/lib/amd64/jli/libjli.so
7f8a32c07000-7f8a32c08000 rw-p 00015000 08:06 1591621                    /opt/java/64/jre1.7.0_09/lib/amd64/jli/libjli.so
7f8a32c08000-7f8a32c20000 r-xp 00000000 08:06 1831878                    /lib/libpthread-2.11.1.so
7f8a32c20000-7f8a32e1f000 ---p 00018000 08:06 1831878                    /lib/libpthread-2.11.1.so
7f8a32e1f000-7f8a32e20000 r--p 00017000 08:06 1831878                    /lib/libpthread-2.11.1.so
7f8a32e20000-7f8a32e21000 rw-p 00018000 08:06 1831878                    /lib/libpthread-2.11.1.so
7f8a32e21000-7f8a32e25000 rw-p 00000000 00:00 0 
7f8a32e25000-7f8a32e45000 r-xp 00000000 08:06 1831884                    /lib/ld-2.11.1.so
7f8a32e5d000-7f8a32e67000 rw-p 00000000 00:00 0 
7f8a32e67000-7f8a32f1d000 rw-p 00000000 00:00 0 
7f8a32f1d000-7f8a32f20000 ---p 00000000 00:00 0 
7f8a32f20000-7f8a33022000 rw-p 00000000 00:00 0 
7f8a33038000-7f8a33040000 rw-s 00000000 08:06 1461832                    /tmp/hsperfdata_sahil/6256
7f8a33040000-7f8a33041000 rw-p 00000000 00:00 0 
7f8a33041000-7f8a33042000 r--p 00000000 00:00 0 
7f8a33042000-7f8a33044000 rw-p 00000000 00:00 0 
7f8a33044000-7f8a33045000 r--p 0001f000 08:06 1831884                    /lib/ld-2.11.1.so
7f8a33045000-7f8a33046000 rw-p 00020000 08:06 1831884                    /lib/ld-2.11.1.so
7f8a33046000-7f8a33047000 rw-p 00000000 00:00 0 
7fffa7457000-7fffa746c000 rw-p 00000000 00:00 0                          [stack]
7fffa7496000-7fffa7497000 r-xp 00000000 00:00 0                          [vdso]
ffffffffff600000-ffffffffff601000 r-xp 00000000 00:00 0                  [vsyscall]

VM Arguments:
jvm_args: -Dfile.encoding=UTF-8 -Xbootclasspath:/media/Data/Downloads/android-sdk-linux/platforms/android-16/android.jar:/media/Data/Downloads/android-sdk-linux/add-ons/addon-google_apis-google-16/libs/effects.jar:/media/Data/Downloads/android-sdk-linux/add-ons/addon-google_apis-google-16/libs/usb.jar:/media/Data/Downloads/android-sdk-linux/add-ons/addon-google_apis-google-16/libs/maps.jar 
java_command: com.sahil.others.TestingNearbyPlaces
Launcher Type: SUN_STANDARD

Environment Variables:
JAVA_HOME=/usr/lib/jvm/java-6-sun
PATH=/usr/local/sbin:/usr/local/bin:/usr/sbin:/usr/bin:/sbin:/bin:/usr/games
USERNAME=sahil
SHELL=/bin/bash
DISPLAY=:0.0

Signal Handlers:
SIGSEGV: [libjvm.so+0x8a5c80], sa_mask[0]=0x7ffbfeff, sa_flags=0x10000004
SIGBUS: [libjvm.so+0x8a5c80], sa_mask[0]=0x7ffbfeff, sa_flags=0x10000004
SIGFPE: [libjvm.so+0x741d60], sa_mask[0]=0x7ffbfeff, sa_flags=0x10000004
SIGPIPE: [libjvm.so+0x741d60], sa_mask[0]=0x7ffbfeff, sa_flags=0x10000004
SIGXFSZ: [libjvm.so+0x741d60], sa_mask[0]=0x7ffbfeff, sa_flags=0x10000004
SIGILL: [libjvm.so+0x741d60], sa_mask[0]=0x7ffbfeff, sa_flags=0x10000004
SIGUSR1: SIG_DFL, sa_mask[0]=0x00000000, sa_flags=0x00000000
SIGUSR2: [libjvm.so+0x7416b0], sa_mask[0]=0x00000004, sa_flags=0x10000004
SIGHUP: SIG_DFL, sa_mask[0]=0x00000000, sa_flags=0x00000000
SIGINT: SIG_DFL, sa_mask[0]=0x00000000, sa_flags=0x00000000
SIGTERM: SIG_DFL, sa_mask[0]=0x00000000, sa_flags=0x00000000
SIGQUIT: SIG_DFL, sa_mask[0]=0x00000000, sa_flags=0x00000000


---------------  S Y S T E M  ---------------

OS:squeeze/sid

uname:Linux 2.6.32-45-generic #99-Ubuntu SMP Tue Oct 16 16:26:56 UTC 2012 x86_64
libc:glibc 2.11.1 NPTL 2.11.1 
rlimit: STACK 8192k, CORE 0k, NPROC infinity, NOFILE 1024, AS infinity
load average:0.63 0.83 0.88

/proc/meminfo:
MemTotal:        5988464 kB
MemFree:          446336 kB
Buffers:           72964 kB
Cached:           293800 kB
SwapCached:       126916 kB
Active:          3424112 kB
Inactive:        1090884 kB
Active(anon):    3271624 kB
Inactive(anon):   907384 kB
Active(file):     152488 kB
Inactive(file):   183500 kB
Unevictable:          32 kB
Mlocked:              32 kB
SwapTotal:       5858296 kB
SwapFree:        5223404 kB
Dirty:               804 kB
Writeback:             8 kB
AnonPages:       4092544 kB
Mapped:           207420 kB
Shmem:             30728 kB
Slab:              80172 kB
SReclaimable:      43480 kB
SUnreclaim:        36692 kB
KernelStack:        5240 kB
PageTables:        69060 kB
NFS_Unstable:          0 kB
Bounce:                0 kB
WritebackTmp:          0 kB
CommitLimit:     8852528 kB
Committed_AS:    8395480 kB
VmallocTotal:   34359738367 kB
VmallocUsed:      322324 kB
VmallocChunk:   34359413200 kB
HardwareCorrupted:     0 kB
HugePages_Total:       0
HugePages_Free:        0
HugePages_Rsvd:        0
HugePages_Surp:        0
Hugepagesize:       2048 kB
DirectMap4k:     5844992 kB
DirectMap2M:      372736 kB


CPU:total 4 (2 cores per cpu, 2 threads per core) family 6 model 37 stepping 5, cmov, cx8, fxsr, mmx, sse, sse2, sse3, ssse3, sse4.1, sse4.2, popcnt, ht, tsc, tscinvbit

/proc/cpuinfo:
processor	: 0
vendor_id	: GenuineIntel
cpu family	: 6
model		: 37
model name	: Intel(R) Core(TM) i5 CPU       M 480  @ 2.67GHz
stepping	: 5
cpu MHz		: 2660.000
cache size	: 3072 KB
physical id	: 0
siblings	: 4
core id		: 0
cpu cores	: 2
apicid		: 0
initial apicid	: 0
fpu		: yes
fpu_exception	: yes
cpuid level	: 11
wp		: yes
flags		: fpu vme de pse tsc msr pae mce cx8 apic sep mtrr pge mca cmov pat pse36 clflush dts acpi mmx fxsr sse sse2 ss ht tm pbe syscall nx rdtscp lm constant_tsc arch_perfmon pebs bts rep_good xtopology nonstop_tsc aperfmperf pni dtes64 monitor ds_cpl vmx est tm2 ssse3 cx16 xtpr pdcm sse4_1 sse4_2 popcnt lahf_lm ida arat tpr_shadow vnmi flexpriority ept vpid
bogomips	: 5319.34
clflush size	: 64
cache_alignment	: 64
address sizes	: 36 bits physical, 48 bits virtual
power management:

processor	: 1
vendor_id	: GenuineIntel
cpu family	: 6
model		: 37
model name	: Intel(R) Core(TM) i5 CPU       M 480  @ 2.67GHz
stepping	: 5
cpu MHz		: 1197.000
cache size	: 3072 KB
physical id	: 0
siblings	: 4
core id		: 2
cpu cores	: 2
apicid		: 4
initial apicid	: 4
fpu		: yes
fpu_exception	: yes
cpuid level	: 11
wp		: yes
flags		: fpu vme de pse tsc msr pae mce cx8 apic sep mtrr pge mca cmov pat pse36 clflush dts acpi mmx fxsr sse sse2 ss ht tm pbe syscall nx rdtscp lm constant_tsc arch_perfmon pebs bts rep_good xtopology nonstop_tsc aperfmperf pni dtes64 monitor ds_cpl vmx est tm2 ssse3 cx16 xtpr pdcm sse4_1 sse4_2 popcnt lahf_lm ida arat tpr_shadow vnmi flexpriority ept vpid
bogomips	: 5319.41
clflush size	: 64
cache_alignment	: 64
address sizes	: 36 bits physical, 48 bits virtual
power management:

processor	: 2
vendor_id	: GenuineIntel
cpu family	: 6
model		: 37
model name	: Intel(R) Core(TM) i5 CPU       M 480  @ 2.67GHz
stepping	: 5
cpu MHz		: 2660.000
cache size	: 3072 KB
physical id	: 0
siblings	: 4
core id		: 0
cpu cores	: 2
apicid		: 1
initial apicid	: 1
fpu		: yes
fpu_exception	: yes
cpuid level	: 11
wp		: yes
flags		: fpu vme de pse tsc msr pae mce cx8 apic sep mtrr pge mca cmov pat pse36 clflush dts acpi mmx fxsr sse sse2 ss ht tm pbe syscall nx rdtscp lm constant_tsc arch_perfmon pebs bts rep_good xtopology nonstop_tsc aperfmperf pni dtes64 monitor ds_cpl vmx est tm2 ssse3 cx16 xtpr pdcm sse4_1 sse4_2 popcnt lahf_lm ida arat tpr_shadow vnmi flexpriority ept vpid
bogomips	: 5319.34
clflush size	: 64
cache_alignment	: 64
address sizes	: 36 bits physical, 48 bits virtual
power management:

processor	: 3
vendor_id	: GenuineIntel
cpu family	: 6
model		: 37
model name	: Intel(R) Core(TM) i5 CPU       M 480  @ 2.67GHz
stepping	: 5
cpu MHz		: 1729.000
cache size	: 3072 KB
physical id	: 0
siblings	: 4
core id		: 2
cpu cores	: 2
apicid		: 5
initial apicid	: 5
fpu		: yes
fpu_exception	: yes
cpuid level	: 11
wp		: yes
flags		: fpu vme de pse tsc msr pae mce cx8 apic sep mtrr pge mca cmov pat pse36 clflush dts acpi mmx fxsr sse sse2 ss ht tm pbe syscall nx rdtscp lm constant_tsc arch_perfmon pebs bts rep_good xtopology nonstop_tsc aperfmperf pni dtes64 monitor ds_cpl vmx est tm2 ssse3 cx16 xtpr pdcm sse4_1 sse4_2 popcnt lahf_lm ida arat tpr_shadow vnmi flexpriority ept vpid
bogomips	: 5319.35
clflush size	: 64
cache_alignment	: 64
address sizes	: 36 bits physical, 48 bits virtual
power management:



Memory: 4k page, physical 5988464k(446336k free), swap 5858296k(5223404k free)

vm_info: Java HotSpot(TM) 64-Bit Server VM (23.5-b02) for linux-amd64 JRE (1.7.0_09-b05), built on Sep 24 2012 20:07:15 by "java_re" with gcc 4.3.0 20080428 (Red Hat 4.3.0-8)

time: Sat Nov 17 01:04:56 2012
elapsed time: 0 seconds

