#
# A fatal error has been detected by the Java Runtime Environment:
#
#  Internal Error (javaClasses.cpp:129), pid=31602, tid=139685494880000
#  fatal error: Invalid layout of preloaded class
#
# JRE version: 7.0_09-b05
# Java VM: Java HotSpot(TM) 64-Bit Server VM (23.5-b02 mixed mode linux-amd64 compressed oops)
# Failed to write core dump. Core dumps have been disabled. To enable core dumping, try "ulimit -c unlimited" before starting Java again
#
# If you would like to submit a bug report, please visit:
#   http://bugreport.sun.com/bugreport/crash.jsp
#

---------------  T H R E A D  ---------------

Current thread (0x0000000001d86000):  JavaThread "Unknown thread" [_thread_in_vm, id=31608, stack(0x00007f0b103d7000,0x00007f0b104d8000)]

Stack: [0x00007f0b103d7000,0x00007f0b104d8000],  sp=0x00007f0b104d67a0,  free space=1021k
Native frames: (J=compiled Java code, j=interpreted, Vv=VM code, C=native code)
V  [libjvm.so+0x8a531a]  VMError::report_and_die()+0x2ea
V  [libjvm.so+0x40aeb9]  report_fatal(char const*, int, char const*)+0x59
V  [libjvm.so+0x5558f7]  compute_offset(int&, klassOopDesc*, Symbol*, Symbol*, bool)+0x137
V  [libjvm.so+0x556ab9]  java_lang_String::compute_offsets()+0x39
V  [libjvm.so+0x8343d3]  SystemDictionary::initialize_preloaded_classes(Thread*)+0x143
V  [libjvm.so+0x880514]  Universe::genesis(Thread*)+0x474
V  [libjvm.so+0x8809c4]  universe2_init()+0x24
V  [libjvm.so+0x503d0d]  init_globals()+0xbd
V  [libjvm.so+0x866f62]  Threads::create_vm(JavaVMInitArgs*, bool*)+0x1e2
V  [libjvm.so+0x563bc4]  JNI_CreateJavaVM+0x74
C  [libjli.so+0x337e]  JavaMain+0x9e


---------------  P R O C E S S  ---------------

Java Threads: ( => current thread )

Other Threads:

=>0x0000000001d86000 (exited) JavaThread "Unknown thread" [_thread_in_vm, id=31608, stack(0x00007f0b103d7000,0x00007f0b104d8000)]

VM state:not at safepoint (not fully initialized)

VM Mutex/Monitor currently owned by a thread: None

GC Heap History (0 events):
No events

Deoptimization events (0 events):
No events

Internal exceptions (0 events):
No events

Events (10 events):
Event: 0.203 loading class 0x0000000001da7f70 done
Event: 0.204 loading class 0x0000000001da7810 done
Event: 0.204 loading class 0x0000000001da77e0
Event: 0.204 loading class 0x0000000001dd2870
Event: 0.221 loading class 0x0000000001dd2870 done
Event: 0.221 loading class 0x0000000001dd28b0
Event: 0.222 loading class 0x0000000001dd28b0 done
Event: 0.222 loading class 0x0000000001dd28f0
Event: 0.222 loading class 0x0000000001dd28f0 done
Event: 0.222 loading class 0x0000000001da77e0 done


Dynamic libraries:
00400000-00401000 r-xp 00000000 08:06 1590527                            /opt/java/64/jre1.7.0_09/bin/java
00600000-00601000 rw-p 00000000 08:06 1590527                            /opt/java/64/jre1.7.0_09/bin/java
01d7c000-01dea000 rw-p 00000000 00:00 0                                  [heap]
9f600000-a0ac0000 rw-p 00000000 00:00 0 
a0ac0000-a4800000 rw-p 00000000 00:00 0 
a4800000-a8500000 rw-p 00000000 00:00 0 
a8500000-e1800000 rw-p 00000000 00:00 0 
e1800000-e3670000 rw-p 00000000 00:00 0 
e3670000-100000000 rw-p 00000000 00:00 0 
7f0b00fb0000-7f0b04000000 rw-p 00000000 00:00 0 
7f0b04000000-7f0b04021000 rw-p 00000000 00:00 0 
7f0b04021000-7f0b08000000 ---p 00000000 00:00 0 
7f0b0909c000-7f0b092ca000 rw-p 00000000 00:00 0 
7f0b092ca000-7f0b0938c000 r--s 010c7000 08:03 149162                     /media/Data/Downloads/android-sdk-linux/platforms/android-16/android.jar
7f0b0938c000-7f0b09fc8000 rw-p 00000000 00:00 0 
7f0b09fc8000-7f0b09fc9000 ---p 00000000 00:00 0 
7f0b09fc9000-7f0b0a0c9000 rw-p 00000000 00:00 0 
7f0b0a0c9000-7f0b0a0ca000 ---p 00000000 00:00 0 
7f0b0a0ca000-7f0b0a1ca000 rw-p 00000000 00:00 0 
7f0b0a1ca000-7f0b0a1cb000 ---p 00000000 00:00 0 
7f0b0a1cb000-7f0b0a2cb000 rw-p 00000000 00:00 0 
7f0b0a2cb000-7f0b0a2cc000 ---p 00000000 00:00 0 
7f0b0a2cc000-7f0b0a3d7000 rw-p 00000000 00:00 0 
7f0b0a3d7000-7f0b0a3f5000 rw-p 00000000 00:00 0 
7f0b0a3f5000-7f0b0a414000 rw-p 00000000 00:00 0 
7f0b0a414000-7f0b0a5dd000 rw-p 00000000 00:00 0 
7f0b0a5dd000-7f0b0a5e8000 rw-p 00000000 00:00 0 
7f0b0a5e8000-7f0b0a606000 rw-p 00000000 00:00 0 
7f0b0a606000-7f0b0a625000 rw-p 00000000 00:00 0 
7f0b0a625000-7f0b0a7ee000 rw-p 00000000 00:00 0 
7f0b0a7ee000-7f0b0a7fe000 rw-p 00000000 00:00 0 
7f0b0a7fe000-7f0b0a8e2000 rw-p 00000000 00:00 0 
7f0b0a8e2000-7f0b0a8e3000 rw-p 00000000 00:00 0 
7f0b0a8e3000-7f0b0ab53000 rwxp 00000000 00:00 0 
7f0b0ab53000-7f0b0d8e3000 rw-p 00000000 00:00 0 
7f0b0d8e3000-7f0b0d8fd000 r-xp 00000000 08:06 1591662                    /opt/java/64/jre1.7.0_09/lib/amd64/libzip.so
7f0b0d8fd000-7f0b0dafd000 ---p 0001a000 08:06 1591662                    /opt/java/64/jre1.7.0_09/lib/amd64/libzip.so
7f0b0dafd000-7f0b0dafe000 rw-p 0001a000 08:06 1591662                    /opt/java/64/jre1.7.0_09/lib/amd64/libzip.so
7f0b0dafe000-7f0b0db0a000 r-xp 00000000 08:06 1831886                    /lib/libnss_files-2.11.1.so
7f0b0db0a000-7f0b0dd09000 ---p 0000c000 08:06 1831886                    /lib/libnss_files-2.11.1.so
7f0b0dd09000-7f0b0dd0a000 r--p 0000b000 08:06 1831886                    /lib/libnss_files-2.11.1.so
7f0b0dd0a000-7f0b0dd0b000 rw-p 0000c000 08:06 1831886                    /lib/libnss_files-2.11.1.so
7f0b0dd0b000-7f0b0dd15000 r-xp 00000000 08:06 1831879                    /lib/libnss_nis-2.11.1.so
7f0b0dd15000-7f0b0df14000 ---p 0000a000 08:06 1831879                    /lib/libnss_nis-2.11.1.so
7f0b0df14000-7f0b0df15000 r--p 00009000 08:06 1831879                    /lib/libnss_nis-2.11.1.so
7f0b0df15000-7f0b0df16000 rw-p 0000a000 08:06 1831879                    /lib/libnss_nis-2.11.1.so
7f0b0df16000-7f0b0df2d000 r-xp 00000000 08:06 1831874                    /lib/libnsl-2.11.1.so
7f0b0df2d000-7f0b0e12c000 ---p 00017000 08:06 1831874                    /lib/libnsl-2.11.1.so
7f0b0e12c000-7f0b0e12d000 r--p 00016000 08:06 1831874                    /lib/libnsl-2.11.1.so
7f0b0e12d000-7f0b0e12e000 rw-p 00017000 08:06 1831874                    /lib/libnsl-2.11.1.so
7f0b0e12e000-7f0b0e130000 rw-p 00000000 00:00 0 
7f0b0e130000-7f0b0e138000 r-xp 00000000 08:06 1831869                    /lib/libnss_compat-2.11.1.so
7f0b0e138000-7f0b0e337000 ---p 00008000 08:06 1831869                    /lib/libnss_compat-2.11.1.so
7f0b0e337000-7f0b0e338000 r--p 00007000 08:06 1831869                    /lib/libnss_compat-2.11.1.so
7f0b0e338000-7f0b0e339000 rw-p 00008000 08:06 1831869                    /lib/libnss_compat-2.11.1.so
7f0b0e339000-7f0b0e362000 r-xp 00000000 08:06 1591646                    /opt/java/64/jre1.7.0_09/lib/amd64/libjava.so
7f0b0e362000-7f0b0e562000 ---p 00029000 08:06 1591646                    /opt/java/64/jre1.7.0_09/lib/amd64/libjava.so
7f0b0e562000-7f0b0e564000 rw-p 00029000 08:06 1591646                    /opt/java/64/jre1.7.0_09/lib/amd64/libjava.so
7f0b0e564000-7f0b0e571000 r-xp 00000000 08:06 1591644                    /opt/java/64/jre1.7.0_09/lib/amd64/libverify.so
7f0b0e571000-7f0b0e770000 ---p 0000d000 08:06 1591644                    /opt/java/64/jre1.7.0_09/lib/amd64/libverify.so
7f0b0e770000-7f0b0e772000 rw-p 0000c000 08:06 1591644                    /opt/java/64/jre1.7.0_09/lib/amd64/libverify.so
7f0b0e772000-7f0b0e779000 r-xp 00000000 08:06 1831871                    /lib/librt-2.11.1.so
7f0b0e779000-7f0b0e978000 ---p 00007000 08:06 1831871                    /lib/librt-2.11.1.so
7f0b0e978000-7f0b0e979000 r--p 00006000 08:06 1831871                    /lib/librt-2.11.1.so
7f0b0e979000-7f0b0e97a000 rw-p 00007000 08:06 1831871                    /lib/librt-2.11.1.so
7f0b0e97a000-7f0b0e9fc000 r-xp 00000000 08:06 1831883                    /lib/libm-2.11.1.so
7f0b0e9fc000-7f0b0ebfb000 ---p 00082000 08:06 1831883                    /lib/libm-2.11.1.so
7f0b0ebfb000-7f0b0ebfc000 r--p 00081000 08:06 1831883                    /lib/libm-2.11.1.so
7f0b0ebfc000-7f0b0ebfd000 rw-p 00082000 08:06 1831883                    /lib/libm-2.11.1.so
7f0b0ebfd000-7f0b0f644000 r-xp 00000000 08:06 1591652                    /opt/java/64/jre1.7.0_09/lib/amd64/server/libjvm.so
7f0b0f644000-7f0b0f843000 ---p 00a47000 08:06 1591652                    /opt/java/64/jre1.7.0_09/lib/amd64/server/libjvm.so
7f0b0f843000-7f0b0f8e7000 rw-p 00a46000 08:06 1591652                    /opt/java/64/jre1.7.0_09/lib/amd64/server/libjvm.so
7f0b0f8e7000-7f0b0f922000 rw-p 00000000 00:00 0 
7f0b0f922000-7f0b0fa9f000 r-xp 00000000 08:06 1831882                    /lib/libc-2.11.1.so
7f0b0fa9f000-7f0b0fc9e000 ---p 0017d000 08:06 1831882                    /lib/libc-2.11.1.so
7f0b0fc9e000-7f0b0fca2000 r--p 0017c000 08:06 1831882                    /lib/libc-2.11.1.so
7f0b0fca2000-7f0b0fca3000 rw-p 00180000 08:06 1831882                    /lib/libc-2.11.1.so
7f0b0fca3000-7f0b0fca8000 rw-p 00000000 00:00 0 
7f0b0fca8000-7f0b0fcaa000 r-xp 00000000 08:06 1831887                    /lib/libdl-2.11.1.so
7f0b0fcaa000-7f0b0feaa000 ---p 00002000 08:06 1831887                    /lib/libdl-2.11.1.so
7f0b0feaa000-7f0b0feab000 r--p 00002000 08:06 1831887                    /lib/libdl-2.11.1.so
7f0b0feab000-7f0b0feac000 rw-p 00003000 08:06 1831887                    /lib/libdl-2.11.1.so
7f0b0feac000-7f0b0fec2000 r-xp 00000000 08:06 1591621                    /opt/java/64/jre1.7.0_09/lib/amd64/jli/libjli.so
7f0b0fec2000-7f0b100c1000 ---p 00016000 08:06 1591621                    /opt/java/64/jre1.7.0_09/lib/amd64/jli/libjli.so
7f0b100c1000-7f0b100c2000 rw-p 00015000 08:06 1591621                    /opt/java/64/jre1.7.0_09/lib/amd64/jli/libjli.so
7f0b100c2000-7f0b100da000 r-xp 00000000 08:06 1831878                    /lib/libpthread-2.11.1.so
7f0b100da000-7f0b102d9000 ---p 00018000 08:06 1831878                    /lib/libpthread-2.11.1.so
7f0b102d9000-7f0b102da000 r--p 00017000 08:06 1831878                    /lib/libpthread-2.11.1.so
7f0b102da000-7f0b102db000 rw-p 00018000 08:06 1831878                    /lib/libpthread-2.11.1.so
7f0b102db000-7f0b102df000 rw-p 00000000 00:00 0 
7f0b102df000-7f0b102ff000 r-xp 00000000 08:06 1831884                    /lib/ld-2.11.1.so
7f0b10317000-7f0b10321000 rw-p 00000000 00:00 0 
7f0b10321000-7f0b103d7000 rw-p 00000000 00:00 0 
7f0b103d7000-7f0b103da000 ---p 00000000 00:00 0 
7f0b103da000-7f0b104dc000 rw-p 00000000 00:00 0 
7f0b104f2000-7f0b104fa000 rw-s 00000000 08:06 1461744                    /tmp/hsperfdata_sahil/31602
7f0b104fa000-7f0b104fb000 rw-p 00000000 00:00 0 
7f0b104fb000-7f0b104fc000 r--p 00000000 00:00 0 
7f0b104fc000-7f0b104fe000 rw-p 00000000 00:00 0 
7f0b104fe000-7f0b104ff000 r--p 0001f000 08:06 1831884                    /lib/ld-2.11.1.so
7f0b104ff000-7f0b10500000 rw-p 00020000 08:06 1831884                    /lib/ld-2.11.1.so
7f0b10500000-7f0b10501000 rw-p 00000000 00:00 0 
7fffb1e70000-7fffb1e85000 rw-p 00000000 00:00 0                          [stack]
7fffb1fa0000-7fffb1fa1000 r-xp 00000000 00:00 0                          [vdso]
ffffffffff600000-ffffffffff601000 r-xp 00000000 00:00 0                  [vsyscall]

VM Arguments:
jvm_args: -Dfile.encoding=UTF-8 -Xbootclasspath:/media/Data/Downloads/android-sdk-linux/platforms/android-16/android.jar:/media/Data/Downloads/android-sdk-linux/add-ons/addon-google_apis-google-16/libs/effects.jar:/media/Data/Downloads/android-sdk-linux/add-ons/addon-google_apis-google-16/libs/usb.jar:/media/Data/Downloads/android-sdk-linux/add-ons/addon-google_apis-google-16/libs/maps.jar 
java_command: com.sahil.googlemaps.TestingNearbyPlaces
Launcher Type: SUN_STANDARD

Environment Variables:
JAVA_HOME=/usr/lib/jvm/java-6-sun
PATH=/usr/local/sbin:/usr/local/bin:/usr/sbin:/usr/bin:/sbin:/bin:/usr/games
USERNAME=sahil
SHELL=/bin/bash
DISPLAY=:0.0

Signal Handlers:
SIGSEGV: [libjvm.so+0x8a5c80], sa_mask[0]=0x7ffbfeff, sa_flags=0x10000004
SIGBUS: [libjvm.so+0x8a5c80], sa_mask[0]=0x7ffbfeff, sa_flags=0x10000004
SIGFPE: [libjvm.so+0x741d60], sa_mask[0]=0x7ffbfeff, sa_flags=0x10000004
SIGPIPE: [libjvm.so+0x741d60], sa_mask[0]=0x7ffbfeff, sa_flags=0x10000004
SIGXFSZ: [libjvm.so+0x741d60], sa_mask[0]=0x7ffbfeff, sa_flags=0x10000004
SIGILL: [libjvm.so+0x741d60], sa_mask[0]=0x7ffbfeff, sa_flags=0x10000004
SIGUSR1: SIG_DFL, sa_mask[0]=0x00000000, sa_flags=0x00000000
SIGUSR2: [libjvm.so+0x7416b0], sa_mask[0]=0x00000004, sa_flags=0x10000004
SIGHUP: SIG_DFL, sa_mask[0]=0x00000000, sa_flags=0x00000000
SIGINT: SIG_DFL, sa_mask[0]=0x00000000, sa_flags=0x00000000
SIGTERM: SIG_DFL, sa_mask[0]=0x00000000, sa_flags=0x00000000
SIGQUIT: SIG_DFL, sa_mask[0]=0x00000000, sa_flags=0x00000000


---------------  S Y S T E M  ---------------

OS:squeeze/sid

uname:Linux 2.6.32-45-generic #99-Ubuntu SMP Tue Oct 16 16:26:56 UTC 2012 x86_64
libc:glibc 2.11.1 NPTL 2.11.1 
rlimit: STACK 8192k, CORE 0k, NPROC infinity, NOFILE 1024, AS infinity
load average:1.42 0.94 0.85

/proc/meminfo:
MemTotal:        5988464 kB
MemFree:          125380 kB
Buffers:           87312 kB
Cached:           597304 kB
SwapCached:       564380 kB
Active:          3663132 kB
Inactive:        1668752 kB
Active(anon):    3475680 kB
Inactive(anon):  1213540 kB
Active(file):     187452 kB
Inactive(file):   455212 kB
Unevictable:          32 kB
Mlocked:              32 kB
SwapTotal:       5858296 kB
SwapFree:        4574852 kB
Dirty:              9200 kB
Writeback:             0 kB
AnonPages:       4199776 kB
Mapped:           229552 kB
Shmem:             41852 kB
Slab:              88120 kB
SReclaimable:      50396 kB
SUnreclaim:        37724 kB
KernelStack:        5440 kB
PageTables:        76772 kB
NFS_Unstable:          0 kB
Bounce:                0 kB
WritebackTmp:          0 kB
CommitLimit:     8852528 kB
Committed_AS:    9669228 kB
VmallocTotal:   34359738367 kB
VmallocUsed:      322328 kB
VmallocChunk:   34359413200 kB
HardwareCorrupted:     0 kB
HugePages_Total:       0
HugePages_Free:        0
HugePages_Rsvd:        0
HugePages_Surp:        0
Hugepagesize:       2048 kB
DirectMap4k:     5844992 kB
DirectMap2M:      372736 kB


CPU:total 4 (2 cores per cpu, 2 threads per core) family 6 model 37 stepping 5, cmov, cx8, fxsr, mmx, sse, sse2, sse3, ssse3, sse4.1, sse4.2, popcnt, ht, tsc, tscinvbit

/proc/cpuinfo:
processor	: 0
vendor_id	: GenuineIntel
cpu family	: 6
model		: 37
model name	: Intel(R) Core(TM) i5 CPU       M 480  @ 2.67GHz
stepping	: 5
cpu MHz		: 1197.000
cache size	: 3072 KB
physical id	: 0
siblings	: 4
core id		: 0
cpu cores	: 2
apicid		: 0
initial apicid	: 0
fpu		: yes
fpu_exception	: yes
cpuid level	: 11
wp		: yes
flags		: fpu vme de pse tsc msr pae mce cx8 apic sep mtrr pge mca cmov pat pse36 clflush dts acpi mmx fxsr sse sse2 ss ht tm pbe syscall nx rdtscp lm constant_tsc arch_perfmon pebs bts rep_good xtopology nonstop_tsc aperfmperf pni dtes64 monitor ds_cpl vmx est tm2 ssse3 cx16 xtpr pdcm sse4_1 sse4_2 popcnt lahf_lm ida arat tpr_shadow vnmi flexpriority ept vpid
bogomips	: 5319.34
clflush size	: 64
cache_alignment	: 64
address sizes	: 36 bits physical, 48 bits virtual
power management:

processor	: 1
vendor_id	: GenuineIntel
cpu family	: 6
model		: 37
model name	: Intel(R) Core(TM) i5 CPU       M 480  @ 2.67GHz
stepping	: 5
cpu MHz		: 1197.000
cache size	: 3072 KB
physical id	: 0
siblings	: 4
core id		: 2
cpu cores	: 2
apicid		: 4
initial apicid	: 4
fpu		: yes
fpu_exception	: yes
cpuid level	: 11
wp		: yes
flags		: fpu vme de pse tsc msr pae mce cx8 apic sep mtrr pge mca cmov pat pse36 clflush dts acpi mmx fxsr sse sse2 ss ht tm pbe syscall nx rdtscp lm constant_tsc arch_perfmon pebs bts rep_good xtopology nonstop_tsc aperfmperf pni dtes64 monitor ds_cpl vmx est tm2 ssse3 cx16 xtpr pdcm sse4_1 sse4_2 popcnt lahf_lm ida arat tpr_shadow vnmi flexpriority ept vpid
bogomips	: 5319.34
clflush size	: 64
cache_alignment	: 64
address sizes	: 36 bits physical, 48 bits virtual
power management:

processor	: 2
vendor_id	: GenuineIntel
cpu family	: 6
model		: 37
model name	: Intel(R) Core(TM) i5 CPU       M 480  @ 2.67GHz
stepping	: 5
cpu MHz		: 1197.000
cache size	: 3072 KB
physical id	: 0
siblings	: 4
core id		: 0
cpu cores	: 2
apicid		: 1
initial apicid	: 1
fpu		: yes
fpu_exception	: yes
cpuid level	: 11
wp		: yes
flags		: fpu vme de pse tsc msr pae mce cx8 apic sep mtrr pge mca cmov pat pse36 clflush dts acpi mmx fxsr sse sse2 ss ht tm pbe syscall nx rdtscp lm constant_tsc arch_perfmon pebs bts rep_good xtopology nonstop_tsc aperfmperf pni dtes64 monitor ds_cpl vmx est tm2 ssse3 cx16 xtpr pdcm sse4_1 sse4_2 popcnt lahf_lm ida arat tpr_shadow vnmi flexpriority ept vpid
bogomips	: 5319.36
clflush size	: 64
cache_alignment	: 64
address sizes	: 36 bits physical, 48 bits virtual
power management:

processor	: 3
vendor_id	: GenuineIntel
cpu family	: 6
model		: 37
model name	: Intel(R) Core(TM) i5 CPU       M 480  @ 2.67GHz
stepping	: 5
cpu MHz		: 1197.000
cache size	: 3072 KB
physical id	: 0
siblings	: 4
core id		: 2
cpu cores	: 2
apicid		: 5
initial apicid	: 5
fpu		: yes
fpu_exception	: yes
cpuid level	: 11
wp		: yes
flags		: fpu vme de pse tsc msr pae mce cx8 apic sep mtrr pge mca cmov pat pse36 clflush dts acpi mmx fxsr sse sse2 ss ht tm pbe syscall nx rdtscp lm constant_tsc arch_perfmon pebs bts rep_good xtopology nonstop_tsc aperfmperf pni dtes64 monitor ds_cpl vmx est tm2 ssse3 cx16 xtpr pdcm sse4_1 sse4_2 popcnt lahf_lm ida arat tpr_shadow vnmi flexpriority ept vpid
bogomips	: 5319.35
clflush size	: 64
cache_alignment	: 64
address sizes	: 36 bits physical, 48 bits virtual
power management:



Memory: 4k page, physical 5988464k(125380k free), swap 5858296k(4574852k free)

vm_info: Java HotSpot(TM) 64-Bit Server VM (23.5-b02) for linux-amd64 JRE (1.7.0_09-b05), built on Sep 24 2012 20:07:15 by "java_re" with gcc 4.3.0 20080428 (Red Hat 4.3.0-8)

time: Fri Nov 16 18:51:25 2012
elapsed time: 0 seconds

