#
# A fatal error has been detected by the Java Runtime Environment:
#
#  Internal Error (javaClasses.cpp:129), pid=3894, tid=139731806713600
#  fatal error: Invalid layout of preloaded class
#
# JRE version: 7.0_09-b05
# Java VM: Java HotSpot(TM) 64-Bit Server VM (23.5-b02 mixed mode linux-amd64 compressed oops)
# Failed to write core dump. Core dumps have been disabled. To enable core dumping, try "ulimit -c unlimited" before starting Java again
#
# If you would like to submit a bug report, please visit:
#   http://bugreport.sun.com/bugreport/crash.jsp
#

---------------  T H R E A D  ---------------

Current thread (0x00000000010d0800):  JavaThread "Unknown thread" [_thread_in_vm, id=3900, stack(0x00007f15d8a3f000,0x00007f15d8b40000)]

Stack: [0x00007f15d8a3f000,0x00007f15d8b40000],  sp=0x00007f15d8b3e7a0,  free space=1021k
Native frames: (J=compiled Java code, j=interpreted, Vv=VM code, C=native code)
V  [libjvm.so+0x8a531a]  VMError::report_and_die()+0x2ea
V  [libjvm.so+0x40aeb9]  report_fatal(char const*, int, char const*)+0x59
V  [libjvm.so+0x5558f7]  compute_offset(int&, klassOopDesc*, Symbol*, Symbol*, bool)+0x137
V  [libjvm.so+0x556ab9]  java_lang_String::compute_offsets()+0x39
V  [libjvm.so+0x8343d3]  SystemDictionary::initialize_preloaded_classes(Thread*)+0x143
V  [libjvm.so+0x880514]  Universe::genesis(Thread*)+0x474
V  [libjvm.so+0x8809c4]  universe2_init()+0x24
V  [libjvm.so+0x503d0d]  init_globals()+0xbd
V  [libjvm.so+0x866f62]  Threads::create_vm(JavaVMInitArgs*, bool*)+0x1e2
V  [libjvm.so+0x563bc4]  JNI_CreateJavaVM+0x74
C  [libjli.so+0x337e]  JavaMain+0x9e


---------------  P R O C E S S  ---------------

Java Threads: ( => current thread )

Other Threads:

=>0x00000000010d0800 (exited) JavaThread "Unknown thread" [_thread_in_vm, id=3900, stack(0x00007f15d8a3f000,0x00007f15d8b40000)]

VM state:not at safepoint (not fully initialized)

VM Mutex/Monitor currently owned by a thread: None

GC Heap History (0 events):
No events

Deoptimization events (0 events):
No events

Internal exceptions (0 events):
No events

Events (10 events):
Event: 0.068 loading class 0x00000000010f3270 done
Event: 0.068 loading class 0x00000000010f2b10 done
Event: 0.068 loading class 0x00000000010f2ae0
Event: 0.068 loading class 0x000000000111d9e0
Event: 0.068 loading class 0x000000000111d9e0 done
Event: 0.068 loading class 0x000000000111da20
Event: 0.068 loading class 0x000000000111da20 done
Event: 0.068 loading class 0x000000000111da60
Event: 0.068 loading class 0x000000000111da60 done
Event: 0.069 loading class 0x00000000010f2ae0 done


Dynamic libraries:
00400000-00401000 r-xp 00000000 08:06 1590527                            /opt/java/64/jre1.7.0_09/bin/java
00600000-00601000 rw-p 00000000 08:06 1590527                            /opt/java/64/jre1.7.0_09/bin/java
010c3000-01129000 rw-p 00000000 00:00 0                                  [heap]
9f600000-a0ac0000 rw-p 00000000 00:00 0 
a0ac0000-a4800000 rw-p 00000000 00:00 0 
a4800000-a8500000 rw-p 00000000 00:00 0 
a8500000-e1800000 rw-p 00000000 00:00 0 
e1800000-e3670000 rw-p 00000000 00:00 0 
e3670000-100000000 rw-p 00000000 00:00 0 
7f15ce6bb000-7f15ce8e7000 rw-p 00000000 00:00 0 
7f15ce8e7000-7f15ce9a5000 r--s 00fac000 08:03 267934                     /media/Data/Downloads/android-sdk-linux/platforms/android-15/android.jar
7f15ce9a5000-7f15d2631000 rw-p 00000000 00:00 0 
7f15d2631000-7f15d2632000 ---p 00000000 00:00 0 
7f15d2632000-7f15d2732000 rw-p 00000000 00:00 0 
7f15d2732000-7f15d2733000 ---p 00000000 00:00 0 
7f15d2733000-7f15d2833000 rw-p 00000000 00:00 0 
7f15d2833000-7f15d2834000 ---p 00000000 00:00 0 
7f15d2834000-7f15d2934000 rw-p 00000000 00:00 0 
7f15d2934000-7f15d2935000 ---p 00000000 00:00 0 
7f15d2935000-7f15d2a40000 rw-p 00000000 00:00 0 
7f15d2a40000-7f15d2a5e000 rw-p 00000000 00:00 0 
7f15d2a5e000-7f15d2a7d000 rw-p 00000000 00:00 0 
7f15d2a7d000-7f15d2c46000 rw-p 00000000 00:00 0 
7f15d2c46000-7f15d2c51000 rw-p 00000000 00:00 0 
7f15d2c51000-7f15d2c6f000 rw-p 00000000 00:00 0 
7f15d2c6f000-7f15d2c8e000 rw-p 00000000 00:00 0 
7f15d2c8e000-7f15d2e57000 rw-p 00000000 00:00 0 
7f15d2e57000-7f15d2e67000 rw-p 00000000 00:00 0 
7f15d2e67000-7f15d2f4b000 rw-p 00000000 00:00 0 
7f15d2f4b000-7f15d2f4c000 rw-p 00000000 00:00 0 
7f15d2f4c000-7f15d31bc000 rwxp 00000000 00:00 0 
7f15d31bc000-7f15d5f4c000 rw-p 00000000 00:00 0 
7f15d5f4c000-7f15d5f66000 r-xp 00000000 08:06 1591662                    /opt/java/64/jre1.7.0_09/lib/amd64/libzip.so
7f15d5f66000-7f15d6166000 ---p 0001a000 08:06 1591662                    /opt/java/64/jre1.7.0_09/lib/amd64/libzip.so
7f15d6166000-7f15d6167000 rw-p 0001a000 08:06 1591662                    /opt/java/64/jre1.7.0_09/lib/amd64/libzip.so
7f15d6167000-7f15d6173000 r-xp 00000000 08:06 1831886                    /lib/libnss_files-2.11.1.so
7f15d6173000-7f15d6372000 ---p 0000c000 08:06 1831886                    /lib/libnss_files-2.11.1.so
7f15d6372000-7f15d6373000 r--p 0000b000 08:06 1831886                    /lib/libnss_files-2.11.1.so
7f15d6373000-7f15d6374000 rw-p 0000c000 08:06 1831886                    /lib/libnss_files-2.11.1.so
7f15d6374000-7f15d637e000 r-xp 00000000 08:06 1831879                    /lib/libnss_nis-2.11.1.so
7f15d637e000-7f15d657d000 ---p 0000a000 08:06 1831879                    /lib/libnss_nis-2.11.1.so
7f15d657d000-7f15d657e000 r--p 00009000 08:06 1831879                    /lib/libnss_nis-2.11.1.so
7f15d657e000-7f15d657f000 rw-p 0000a000 08:06 1831879                    /lib/libnss_nis-2.11.1.so
7f15d657f000-7f15d6596000 r-xp 00000000 08:06 1831874                    /lib/libnsl-2.11.1.so
7f15d6596000-7f15d6795000 ---p 00017000 08:06 1831874                    /lib/libnsl-2.11.1.so
7f15d6795000-7f15d6796000 r--p 00016000 08:06 1831874                    /lib/libnsl-2.11.1.so
7f15d6796000-7f15d6797000 rw-p 00017000 08:06 1831874                    /lib/libnsl-2.11.1.so
7f15d6797000-7f15d6799000 rw-p 00000000 00:00 0 
7f15d6799000-7f15d67a1000 r-xp 00000000 08:06 1831869                    /lib/libnss_compat-2.11.1.so
7f15d67a1000-7f15d69a0000 ---p 00008000 08:06 1831869                    /lib/libnss_compat-2.11.1.so
7f15d69a0000-7f15d69a1000 r--p 00007000 08:06 1831869                    /lib/libnss_compat-2.11.1.so
7f15d69a1000-7f15d69a2000 rw-p 00008000 08:06 1831869                    /lib/libnss_compat-2.11.1.so
7f15d69a2000-7f15d69cb000 r-xp 00000000 08:06 1591646                    /opt/java/64/jre1.7.0_09/lib/amd64/libjava.so
7f15d69cb000-7f15d6bcb000 ---p 00029000 08:06 1591646                    /opt/java/64/jre1.7.0_09/lib/amd64/libjava.so
7f15d6bcb000-7f15d6bcd000 rw-p 00029000 08:06 1591646                    /opt/java/64/jre1.7.0_09/lib/amd64/libjava.so
7f15d6bcd000-7f15d6bda000 r-xp 00000000 08:06 1591644                    /opt/java/64/jre1.7.0_09/lib/amd64/libverify.so
7f15d6bda000-7f15d6dd9000 ---p 0000d000 08:06 1591644                    /opt/java/64/jre1.7.0_09/lib/amd64/libverify.so
7f15d6dd9000-7f15d6ddb000 rw-p 0000c000 08:06 1591644                    /opt/java/64/jre1.7.0_09/lib/amd64/libverify.so
7f15d6ddb000-7f15d6de2000 r-xp 00000000 08:06 1831871                    /lib/librt-2.11.1.so
7f15d6de2000-7f15d6fe1000 ---p 00007000 08:06 1831871                    /lib/librt-2.11.1.so
7f15d6fe1000-7f15d6fe2000 r--p 00006000 08:06 1831871                    /lib/librt-2.11.1.so
7f15d6fe2000-7f15d6fe3000 rw-p 00007000 08:06 1831871                    /lib/librt-2.11.1.so
7f15d6fe3000-7f15d7065000 r-xp 00000000 08:06 1831883                    /lib/libm-2.11.1.so
7f15d7065000-7f15d7264000 ---p 00082000 08:06 1831883                    /lib/libm-2.11.1.so
7f15d7264000-7f15d7265000 r--p 00081000 08:06 1831883                    /lib/libm-2.11.1.so
7f15d7265000-7f15d7266000 rw-p 00082000 08:06 1831883                    /lib/libm-2.11.1.so
7f15d7266000-7f15d7cad000 r-xp 00000000 08:06 1591652                    /opt/java/64/jre1.7.0_09/lib/amd64/server/libjvm.so
7f15d7cad000-7f15d7eac000 ---p 00a47000 08:06 1591652                    /opt/java/64/jre1.7.0_09/lib/amd64/server/libjvm.so
7f15d7eac000-7f15d7f50000 rw-p 00a46000 08:06 1591652                    /opt/java/64/jre1.7.0_09/lib/amd64/server/libjvm.so
7f15d7f50000-7f15d7f8b000 rw-p 00000000 00:00 0 
7f15d7f8b000-7f15d8108000 r-xp 00000000 08:06 1831882                    /lib/libc-2.11.1.so
7f15d8108000-7f15d8307000 ---p 0017d000 08:06 1831882                    /lib/libc-2.11.1.so
7f15d8307000-7f15d830b000 r--p 0017c000 08:06 1831882                    /lib/libc-2.11.1.so
7f15d830b000-7f15d830c000 rw-p 00180000 08:06 1831882                    /lib/libc-2.11.1.so
7f15d830c000-7f15d8311000 rw-p 00000000 00:00 0 
7f15d8311000-7f15d8313000 r-xp 00000000 08:06 1831887                    /lib/libdl-2.11.1.so
7f15d8313000-7f15d8513000 ---p 00002000 08:06 1831887                    /lib/libdl-2.11.1.so
7f15d8513000-7f15d8514000 r--p 00002000 08:06 1831887                    /lib/libdl-2.11.1.so
7f15d8514000-7f15d8515000 rw-p 00003000 08:06 1831887                    /lib/libdl-2.11.1.so
7f15d8515000-7f15d852b000 r-xp 00000000 08:06 1591621                    /opt/java/64/jre1.7.0_09/lib/amd64/jli/libjli.so
7f15d852b000-7f15d872a000 ---p 00016000 08:06 1591621                    /opt/java/64/jre1.7.0_09/lib/amd64/jli/libjli.so
7f15d872a000-7f15d872b000 rw-p 00015000 08:06 1591621                    /opt/java/64/jre1.7.0_09/lib/amd64/jli/libjli.so
7f15d872b000-7f15d8743000 r-xp 00000000 08:06 1831878                    /lib/libpthread-2.11.1.so
7f15d8743000-7f15d8942000 ---p 00018000 08:06 1831878                    /lib/libpthread-2.11.1.so
7f15d8942000-7f15d8943000 r--p 00017000 08:06 1831878                    /lib/libpthread-2.11.1.so
7f15d8943000-7f15d8944000 rw-p 00018000 08:06 1831878                    /lib/libpthread-2.11.1.so
7f15d8944000-7f15d8948000 rw-p 00000000 00:00 0 
7f15d8948000-7f15d8968000 r-xp 00000000 08:06 1831884                    /lib/ld-2.11.1.so
7f15d897f000-7f15d8989000 rw-p 00000000 00:00 0 
7f15d8989000-7f15d8a3f000 rw-p 00000000 00:00 0 
7f15d8a3f000-7f15d8a42000 ---p 00000000 00:00 0 
7f15d8a42000-7f15d8b44000 rw-p 00000000 00:00 0 
7f15d8b5b000-7f15d8b63000 rw-s 00000000 08:06 1178328                    /tmp/hsperfdata_sahil/3894
7f15d8b63000-7f15d8b64000 rw-p 00000000 00:00 0 
7f15d8b64000-7f15d8b65000 r--p 00000000 00:00 0 
7f15d8b65000-7f15d8b67000 rw-p 00000000 00:00 0 
7f15d8b67000-7f15d8b68000 r--p 0001f000 08:06 1831884                    /lib/ld-2.11.1.so
7f15d8b68000-7f15d8b69000 rw-p 00020000 08:06 1831884                    /lib/ld-2.11.1.so
7f15d8b69000-7f15d8b6a000 rw-p 00000000 00:00 0 
7fff02f4a000-7fff02f60000 rw-p 00000000 00:00 0                          [stack]
7fff02fff000-7fff03000000 r-xp 00000000 00:00 0                          [vdso]
ffffffffff600000-ffffffffff601000 r-xp 00000000 00:00 0                  [vsyscall]

VM Arguments:
jvm_args: -Dfile.encoding=UTF-8 -Xbootclasspath/p:/media/Data/Downloads/android-sdk-linux/platforms/android-15/android.jar 
java_command: com.sahil.places.GooglePlacesSample
Launcher Type: SUN_STANDARD

Environment Variables:
JAVA_HOME=/usr/lib/jvm/java-6-sun
PATH=/usr/local/sbin:/usr/local/bin:/usr/sbin:/usr/bin:/sbin:/bin:/usr/games
USERNAME=sahil
SHELL=/bin/bash
DISPLAY=:0.0

Signal Handlers:
SIGSEGV: [libjvm.so+0x8a5c80], sa_mask[0]=0x7ffbfeff, sa_flags=0x10000004
SIGBUS: [libjvm.so+0x8a5c80], sa_mask[0]=0x7ffbfeff, sa_flags=0x10000004
SIGFPE: [libjvm.so+0x741d60], sa_mask[0]=0x7ffbfeff, sa_flags=0x10000004
SIGPIPE: [libjvm.so+0x741d60], sa_mask[0]=0x7ffbfeff, sa_flags=0x10000004
SIGXFSZ: [libjvm.so+0x741d60], sa_mask[0]=0x7ffbfeff, sa_flags=0x10000004
SIGILL: [libjvm.so+0x741d60], sa_mask[0]=0x7ffbfeff, sa_flags=0x10000004
SIGUSR1: SIG_DFL, sa_mask[0]=0x00000000, sa_flags=0x00000000
SIGUSR2: [libjvm.so+0x7416b0], sa_mask[0]=0x00000004, sa_flags=0x10000004
SIGHUP: SIG_DFL, sa_mask[0]=0x00000000, sa_flags=0x00000000
SIGINT: SIG_DFL, sa_mask[0]=0x00000000, sa_flags=0x00000000
SIGTERM: SIG_DFL, sa_mask[0]=0x00000000, sa_flags=0x00000000
SIGQUIT: SIG_DFL, sa_mask[0]=0x00000000, sa_flags=0x00000000


---------------  S Y S T E M  ---------------

OS:squeeze/sid

uname:Linux 2.6.32-45-generic #99-Ubuntu SMP Tue Oct 16 16:26:56 UTC 2012 x86_64
libc:glibc 2.11.1 NPTL 2.11.1 
rlimit: STACK 8192k, CORE 0k, NPROC infinity, NOFILE 1024, AS infinity
load average:1.02 1.02 1.05

/proc/meminfo:
MemTotal:        5988464 kB
MemFree:           78984 kB
Buffers:          661348 kB
Cached:           941468 kB
SwapCached:         1292 kB
Active:          3262656 kB
Inactive:        1659344 kB
Active(anon):    2598332 kB
Inactive(anon):   747336 kB
Active(file):     664324 kB
Inactive(file):   912008 kB
Unevictable:          32 kB
Mlocked:              32 kB
SwapTotal:       5858296 kB
SwapFree:        5836664 kB
Dirty:              1212 kB
Writeback:             0 kB
AnonPages:       3318280 kB
Mapped:           217656 kB
Shmem:             26440 kB
Slab:             178532 kB
SReclaimable:     125412 kB
SUnreclaim:        53120 kB
KernelStack:        4584 kB
PageTables:        50908 kB
NFS_Unstable:          0 kB
Bounce:                0 kB
WritebackTmp:          0 kB
CommitLimit:     8852528 kB
Committed_AS:    6181856 kB
VmallocTotal:   34359738367 kB
VmallocUsed:      322320 kB
VmallocChunk:   34359413176 kB
HardwareCorrupted:     0 kB
HugePages_Total:       0
HugePages_Free:        0
HugePages_Rsvd:        0
HugePages_Surp:        0
Hugepagesize:       2048 kB
DirectMap4k:     5758976 kB
DirectMap2M:      458752 kB


CPU:total 4 (2 cores per cpu, 2 threads per core) family 6 model 37 stepping 5, cmov, cx8, fxsr, mmx, sse, sse2, sse3, ssse3, sse4.1, sse4.2, popcnt, ht, tsc, tscinvbit

/proc/cpuinfo:
processor	: 0
vendor_id	: GenuineIntel
cpu family	: 6
model		: 37
model name	: Intel(R) Core(TM) i5 CPU       M 480  @ 2.67GHz
stepping	: 5
cpu MHz		: 2661.000
cache size	: 3072 KB
physical id	: 0
siblings	: 4
core id		: 0
cpu cores	: 2
apicid		: 0
initial apicid	: 0
fpu		: yes
fpu_exception	: yes
cpuid level	: 11
wp		: yes
flags		: fpu vme de pse tsc msr pae mce cx8 apic sep mtrr pge mca cmov pat pse36 clflush dts acpi mmx fxsr sse sse2 ss ht tm pbe syscall nx rdtscp lm constant_tsc arch_perfmon pebs bts rep_good xtopology nonstop_tsc aperfmperf pni dtes64 monitor ds_cpl vmx est tm2 ssse3 cx16 xtpr pdcm sse4_1 sse4_2 popcnt lahf_lm ida arat tpr_shadow vnmi flexpriority ept vpid
bogomips	: 5319.87
clflush size	: 64
cache_alignment	: 64
address sizes	: 36 bits physical, 48 bits virtual
power management:

processor	: 1
vendor_id	: GenuineIntel
cpu family	: 6
model		: 37
model name	: Intel(R) Core(TM) i5 CPU       M 480  @ 2.67GHz
stepping	: 5
cpu MHz		: 1197.000
cache size	: 3072 KB
physical id	: 0
siblings	: 4
core id		: 2
cpu cores	: 2
apicid		: 4
initial apicid	: 4
fpu		: yes
fpu_exception	: yes
cpuid level	: 11
wp		: yes
flags		: fpu vme de pse tsc msr pae mce cx8 apic sep mtrr pge mca cmov pat pse36 clflush dts acpi mmx fxsr sse sse2 ss ht tm pbe syscall nx rdtscp lm constant_tsc arch_perfmon pebs bts rep_good xtopology nonstop_tsc aperfmperf pni dtes64 monitor ds_cpl vmx est tm2 ssse3 cx16 xtpr pdcm sse4_1 sse4_2 popcnt lahf_lm ida arat tpr_shadow vnmi flexpriority ept vpid
bogomips	: 5319.99
clflush size	: 64
cache_alignment	: 64
address sizes	: 36 bits physical, 48 bits virtual
power management:

processor	: 2
vendor_id	: GenuineIntel
cpu family	: 6
model		: 37
model name	: Intel(R) Core(TM) i5 CPU       M 480  @ 2.67GHz
stepping	: 5
cpu MHz		: 2661.000
cache size	: 3072 KB
physical id	: 0
siblings	: 4
core id		: 0
cpu cores	: 2
apicid		: 1
initial apicid	: 1
fpu		: yes
fpu_exception	: yes
cpuid level	: 11
wp		: yes
flags		: fpu vme de pse tsc msr pae mce cx8 apic sep mtrr pge mca cmov pat pse36 clflush dts acpi mmx fxsr sse sse2 ss ht tm pbe syscall nx rdtscp lm constant_tsc arch_perfmon pebs bts rep_good xtopology nonstop_tsc aperfmperf pni dtes64 monitor ds_cpl vmx est tm2 ssse3 cx16 xtpr pdcm sse4_1 sse4_2 popcnt lahf_lm ida arat tpr_shadow vnmi flexpriority ept vpid
bogomips	: 5319.98
clflush size	: 64
cache_alignment	: 64
address sizes	: 36 bits physical, 48 bits virtual
power management:

processor	: 3
vendor_id	: GenuineIntel
cpu family	: 6
model		: 37
model name	: Intel(R) Core(TM) i5 CPU       M 480  @ 2.67GHz
stepping	: 5
cpu MHz		: 1197.000
cache size	: 3072 KB
physical id	: 0
siblings	: 4
core id		: 2
cpu cores	: 2
apicid		: 5
initial apicid	: 5
fpu		: yes
fpu_exception	: yes
cpuid level	: 11
wp		: yes
flags		: fpu vme de pse tsc msr pae mce cx8 apic sep mtrr pge mca cmov pat pse36 clflush dts acpi mmx fxsr sse sse2 ss ht tm pbe syscall nx rdtscp lm constant_tsc arch_perfmon pebs bts rep_good xtopology nonstop_tsc aperfmperf pni dtes64 monitor ds_cpl vmx est tm2 ssse3 cx16 xtpr pdcm sse4_1 sse4_2 popcnt lahf_lm ida arat tpr_shadow vnmi flexpriority ept vpid
bogomips	: 5319.98
clflush size	: 64
cache_alignment	: 64
address sizes	: 36 bits physical, 48 bits virtual
power management:



Memory: 4k page, physical 5988464k(78984k free), swap 5858296k(5836664k free)

vm_info: Java HotSpot(TM) 64-Bit Server VM (23.5-b02) for linux-amd64 JRE (1.7.0_09-b05), built on Sep 24 2012 20:07:15 by "java_re" with gcc 4.3.0 20080428 (Red Hat 4.3.0-8)

time: Sun Nov 18 14:54:35 2012
elapsed time: 0 seconds

